C:\USERS\BOYCE_HONG\DESKTOP\ACPITOOL-SRC-104\ACPILIBRARY\ACPILIBRARY\X64\DEBUG\VC110.PDB
C:\USERS\BOYCE_HONG\DESKTOP\ACPITOOL-SRC-104\ACPILIBRARY\X64\DEBUG\ACPILIBRARY.ILK
C:\USERS\BOYCE_HONG\DESKTOP\ACPITOOL-SRC-104\ACPILIBRARY\X64\DEBUG\ACPILIBRARY.DLL
C:\USERS\BOYCE_HONG\DESKTOP\ACPITOOL-SRC-104\ACPILIBRARY\X64\DEBUG\ACPILIBRARY.PDB
C:\Users\boyce_hong\Desktop\AcpiTool-src-104\AcpiLibrary\AcpiLibrary\x64\Debug\AcpiLibrary.vcxprojResolveAssemblyReference.cache
C:\Users\boyce_hong\Desktop\AcpiTool-src-104\AcpiLibrary\AcpiLibrary\x64\Debug\.NETFramework,Version=v4.5.AssemblyAttributes.obj
C:\Users\boyce_hong\Desktop\AcpiTool-src-104\AcpiLibrary\AcpiLibrary\x64\Debug\AcpiFilterControl.obj
C:\Users\boyce_hong\Desktop\AcpiTool-src-104\AcpiLibrary\AcpiLibrary\x64\Debug\AcpiLibrary.obj
C:\Users\boyce_hong\Desktop\AcpiTool-src-104\AcpiLibrary\AcpiLibrary\x64\Debug\AssemblyInfo.obj
C:\Users\boyce_hong\Desktop\AcpiTool-src-104\AcpiLibrary\AcpiLibrary\x64\Debug\DriverManager.obj
C:\Users\boyce_hong\Desktop\AcpiTool-src-104\AcpiLibrary\AcpiLibrary\x64\Debug\Stdafx.obj
C:\Users\boyce_hong\Desktop\AcpiTool-src-104\AcpiLibrary\AcpiLibrary\x64\Debug\cl.command.1.tlog
C:\Users\boyce_hong\Desktop\AcpiTool-src-104\AcpiLibrary\AcpiLibrary\x64\Debug\cl.read.1.tlog
C:\Users\boyce_hong\Desktop\AcpiTool-src-104\AcpiLibrary\AcpiLibrary\x64\Debug\cl.write.1.tlog
C:\Users\boyce_hong\Desktop\AcpiTool-src-104\AcpiLibrary\AcpiLibrary\x64\Debug\link.14708-cvtres.read.1.tlog
C:\Users\boyce_hong\Desktop\AcpiTool-src-104\AcpiLibrary\AcpiLibrary\x64\Debug\link.14708-cvtres.write.1.tlog
C:\Users\boyce_hong\Desktop\AcpiTool-src-104\AcpiLibrary\AcpiLibrary\x64\Debug\link.14708-rc.read.1.tlog
C:\Users\boyce_hong\Desktop\AcpiTool-src-104\AcpiLibrary\AcpiLibrary\x64\Debug\link.14708-rc.write.1.tlog
C:\Users\boyce_hong\Desktop\AcpiTool-src-104\AcpiLibrary\AcpiLibrary\x64\Debug\link.command.1.tlog
C:\Users\boyce_hong\Desktop\AcpiTool-src-104\AcpiLibrary\AcpiLibrary\x64\Debug\link.read.1.tlog
C:\Users\boyce_hong\Desktop\AcpiTool-src-104\AcpiLibrary\AcpiLibrary\x64\Debug\link.write.1.tlog
C:\Users\boyce_hong\Desktop\AcpiTool-src-104\AcpiLibrary\AcpiLibrary\x64\Debug\metagen.read.1.tlog
C:\Users\boyce_hong\Desktop\AcpiTool-src-104\AcpiLibrary\AcpiLibrary\x64\Debug\metagen.write.1.tlog
C:\Users\boyce_hong\Desktop\AcpiTool-src-104\AcpiLibrary\AcpiLibrary\x64\Debug\AcpiLibrary.pch
C:\Users\boyce_hong\Desktop\AcpiTool-src-104\AcpiLibrary\AcpiLibrary\x64\Debug\vc110.pdb
C:\Users\boyce_hong\Desktop\AcpiTool-src-104\AcpiLibrary\x64\Debug\AcpiLibrary.pdb
C:\Users\boyce_hong\Desktop\AcpiTool-src-104\AcpiLibrary\x64\Debug\AcpiLibrary.dll
C:\Users\boyce_hong\Desktop\AcpiTool-src-104\AcpiLibrary\x64\Debug\AcpiLibrary.ilk
