c:\users\boyce_hong\desktop\acpitool-src-104\ntmdrv\mydriver2\x64\win8debug\vc140.pdb
c:\users\boyce_hong\desktop\acpitool-src-104\ntmdrv\mydriver2\x64\win8debug\ntmdrv.obj
c:\users\boyce_hong\desktop\acpitool-src-104\ntmdrv\mydriver2\x64\win8debug\ntmdrv.asm
c:\users\boyce_hong\desktop\acpitool-src-104\ntmdrv\mydriver2\x64\win8debug\ec.obj
c:\users\boyce_hong\desktop\acpitool-src-104\ntmdrv\mydriver2\x64\win8debug\ec.asm
c:\users\boyce_hong\desktop\acpitool-src-104\ntmdrv\mydriver2\asmlib.obj
c:\users\boyce_hong\desktop\acpitool-src-104\ntmdrv\x64\win8debug\ntmdrv.sys
c:\users\boyce_hong\desktop\acpitool-src-104\ntmdrv\x64\win8debug\ntmdrv.pdb
c:\users\boyce_hong\desktop\acpitool-src-104\ntmdrv\x64\win8debug\ntmdrv.cer
c:\users\boyce_hong\desktop\acpitool-src-104\ntmdrv\mydriver2\x64\win8debug\ntmdrv.tlog\cl.command.1.tlog
c:\users\boyce_hong\desktop\acpitool-src-104\ntmdrv\mydriver2\x64\win8debug\ntmdrv.tlog\cl.read.1.tlog
c:\users\boyce_hong\desktop\acpitool-src-104\ntmdrv\mydriver2\x64\win8debug\ntmdrv.tlog\cl.write.1.tlog
c:\users\boyce_hong\desktop\acpitool-src-104\ntmdrv\mydriver2\x64\win8debug\ntmdrv.tlog\custombuild.command.1.tlog
c:\users\boyce_hong\desktop\acpitool-src-104\ntmdrv\mydriver2\x64\win8debug\ntmdrv.tlog\custombuild.read.1.tlog
c:\users\boyce_hong\desktop\acpitool-src-104\ntmdrv\mydriver2\x64\win8debug\ntmdrv.tlog\custombuild.write.1.tlog
c:\users\boyce_hong\desktop\acpitool-src-104\ntmdrv\mydriver2\x64\win8debug\ntmdrv.tlog\link.command.1.tlog
c:\users\boyce_hong\desktop\acpitool-src-104\ntmdrv\mydriver2\x64\win8debug\ntmdrv.tlog\link.read.1.tlog
c:\users\boyce_hong\desktop\acpitool-src-104\ntmdrv\mydriver2\x64\win8debug\ntmdrv.tlog\link.write.1.tlog
c:\users\boyce_hong\desktop\acpitool-src-104\ntmdrv\mydriver2\x64\win8debug\ntmdrv.tlog\signtool.command.1.tlog
c:\users\boyce_hong\desktop\acpitool-src-104\ntmdrv\mydriver2\x64\win8debug\ntmdrv.tlog\signtool.read.1.tlog
c:\users\boyce_hong\desktop\acpitool-src-104\ntmdrv\mydriver2\x64\win8debug\ntmdrv.tlog\signtool.timestamp.1.tlog
c:\users\boyce_hong\desktop\acpitool-src-104\ntmdrv\mydriver2\x64\win8debug\ntmdrv.tlog\signtool.write.1.tlog
