生成启动时间为 2016/6/16 下午 09:31:23。
     1>项目“C:\Users\boyce_hong\Desktop\AcpiTool-src-104\AcpiLibrary\AcpiLibrary\AcpiLibrary.vcxproj”在节点 2 上(Build 个目标)。
     1>ClCompile:
         D:\Program Files (x86)\Microsoft Visual Studio 11.0\VC\bin\x86_amd64\CL.exe /c /AI"C:\Program Files (x86)\Reference Assemblies\Microsoft\Framework\.NETFramework\v4.5\\" /AI"C:\Program Files (x86)\Windows Kits\8.0\References\CommonConfiguration\Neutral" /AI"C:\Program Files (x86)\Reference Assemblies\Microsoft\Framework\.NETFramework\v4.5\Facades\\" /Zi /clr /nologo /W3 /WX- /O2 /D WIN32 /D NDEBUG /D _WINDLL /D _UNICODE /D UNICODE /EHa /MD /GS /fp:precise /Zc:wchar_t /Zc:forScope /Yc"stdafx.h" /Fp"x64\Release\AcpiLibrary.pch" /Fo"x64\Release\\" /Fd"x64\Release\vc110.pdb" /TP /FU"C:\Program Files (x86)\Reference Assemblies\Microsoft\Framework\.NETFramework\v4.5\mscorlib.dll" /FU"C:\Program Files (x86)\Reference Assemblies\Microsoft\Framework\.NETFramework\v4.5\System.Data.dll" /FU"C:\Program Files (x86)\Reference Assemblies\Microsoft\Framework\.NETFramework\v4.5\System.dll" /FU"C:\Program Files (x86)\Reference Assemblies\Microsoft\Framework\.NETFramework\v4.5\System.Xml.dll" /errorReport:prompt /clr:nostdlib Stdafx.cpp
         Stdafx.cpp
         D:\Program Files (x86)\Microsoft Visual Studio 11.0\VC\bin\x86_amd64\CL.exe /c /AI"C:\Program Files (x86)\Reference Assemblies\Microsoft\Framework\.NETFramework\v4.5\\" /AI"C:\Program Files (x86)\Windows Kits\8.0\References\CommonConfiguration\Neutral" /AI"C:\Program Files (x86)\Reference Assemblies\Microsoft\Framework\.NETFramework\v4.5\Facades\\" /Zi /clr /nologo /W3 /WX- /O2 /D WIN32 /D NDEBUG /D _WINDLL /D _UNICODE /D UNICODE /EHa /MD /GS /fp:precise /Zc:wchar_t /Zc:forScope /Yu"stdafx.h" /Fp"x64\Release\AcpiLibrary.pch" /Fo"x64\Release\\" /Fd"x64\Release\vc110.pdb" /TP /FU"C:\Program Files (x86)\Reference Assemblies\Microsoft\Framework\.NETFramework\v4.5\mscorlib.dll" /FU"C:\Program Files (x86)\Reference Assemblies\Microsoft\Framework\.NETFramework\v4.5\System.Data.dll" /FU"C:\Program Files (x86)\Reference Assemblies\Microsoft\Framework\.NETFramework\v4.5\System.dll" /FU"C:\Program Files (x86)\Reference Assemblies\Microsoft\Framework\.NETFramework\v4.5\System.Xml.dll" /errorReport:prompt /clr:nostdlib AcpiFilterControl.cpp AcpiLibrary.cpp AssemblyInfo.cpp DriverManager.cpp
         AcpiFilterControl.cpp
     1>c:\users\boyce_hong\desktop\acpitool-src-104\acpilibrary\acpilibrary\DriverManager.h(15): warning C4441: 忽略“__cdecl ”的调用约定；改用“__clrcall ”
     1>c:\users\boyce_hong\desktop\acpitool-src-104\acpilibrary\acpilibrary\DriverManager.h(16): warning C4441: 忽略“__cdecl ”的调用约定；改用“__clrcall ”
     1>c:\users\boyce_hong\desktop\acpitool-src-104\acpilibrary\acpilibrary\AcpiFilterControl.h(162): warning C4309: “初始化”: 截断常量值
     1>c:\users\boyce_hong\desktop\acpitool-src-104\acpilibrary\acpilibrary\AcpiFilterControl.h(162): warning C4369: “UNKNOWN”: 枚举数的值“-1”不能表示为“unsigned short”，值是“65535”
     1>AcpiFilterControl.cpp(206): warning C4267: “参数”: 从“size_t”转换到“int”，可能丢失数据
     1>AcpiFilterControl.cpp(120): warning C4101: “dwTemp”: 未引用的局部变量
     1>AcpiFilterControl.cpp(337): warning C4244: “初始化”: 从“ULONG_PTR”转换到“int”，可能丢失数据
     1>AcpiFilterControl.cpp(344): warning C4244: “return”: 从“ULONG_PTR”转换到“LONG”，可能丢失数据
     1>AcpiFilterControl.cpp(356): warning C4553: “==”: 运算符不起任何作用；是否是有意使用“=”的?
     1>AcpiFilterControl.cpp(598): warning C4244: “初始化”: 从“ULONG_PTR”转换到“DWORD”，可能丢失数据
     1>AcpiFilterControl.cpp(599): warning C4018: “<”: 有符号/无符号不匹配
     1>AcpiFilterControl.cpp(699): warning C4018: “<”: 有符号/无符号不匹配
     1>AcpiFilterControl.cpp(703): warning C4018: “<”: 有符号/无符号不匹配
     1>AcpiFilterControl.cpp(836): warning C4018: “<”: 有符号/无符号不匹配
         AcpiLibrary.cpp
         AssemblyInfo.cpp
         DriverManager.cpp
     1>c:\users\boyce_hong\desktop\acpitool-src-104\acpilibrary\acpilibrary\DriverManager.h(15): warning C4441: 忽略“__cdecl ”的调用约定；改用“__clrcall ”
     1>c:\users\boyce_hong\desktop\acpitool-src-104\acpilibrary\acpilibrary\DriverManager.h(16): warning C4441: 忽略“__cdecl ”的调用约定；改用“__clrcall ”
     1>DriverManager.cpp(88): warning C4441: 忽略“__cdecl ”的调用约定；改用“__clrcall ”
         正在生成代码...
         D:\Program Files (x86)\Microsoft Visual Studio 11.0\VC\bin\x86_amd64\CL.exe /c /Zi /clr /nologo /W3 /WX- /O2 /D WIN32 /D NDEBUG /D _WINDLL /D _UNICODE /D UNICODE /EHa /MD /GS /fp:precise /Zc:wchar_t /Zc:forScope /Fo"x64\Release\\" /Fd"x64\Release\vc110.pdb" /TP /errorReport:prompt "C:\Users\boyce_hong\AppData\Local\Temp\.NETFramework,Version=v4.5.AssemblyAttributes.cpp"
         .NETFramework,Version=v4.5.AssemblyAttributes.cpp
       Link:
         D:\Program Files (x86)\Microsoft Visual Studio 11.0\VC\bin\x86_amd64\link.exe /ERRORREPORT:PROMPT /OUT:"C:\Users\boyce_hong\Desktop\AcpiTool-src-104\AcpiLibrary\x64\Release\AcpiLibrary.dll" /INCREMENTAL:NO /NOLOGO /MANIFEST /MANIFESTUAC:"level='requireAdministrator' uiAccess='false'" /manifest:embed /DEBUG /PDB:"C:\Users\boyce_hong\Desktop\AcpiTool-src-104\AcpiLibrary\x64\Release\AcpiLibrary.pdb" /TLBID:1 /DYNAMICBASE /FIXED:NO /NXCOMPAT /MACHINE:X64 /DLL x64\Release\AcpiFilterControl.obj
         x64\Release\AcpiLibrary.obj
         x64\Release\AssemblyInfo.obj
         x64\Release\DriverManager.obj
         x64\Release\Stdafx.obj
         "x64\Release\.NETFramework,Version=v4.5.AssemblyAttributes.obj"
         AcpiLibrary.vcxproj -> C:\Users\boyce_hong\Desktop\AcpiTool-src-104\AcpiLibrary\x64\Release\AcpiLibrary.dll
     1>已完成生成项目“C:\Users\boyce_hong\Desktop\AcpiTool-src-104\AcpiLibrary\AcpiLibrary\AcpiLibrary.vcxproj”(Build 个目标)的操作。

生成成功。

已用时间 00:00:07.10
